HAP-NodeJS starting...
Air Conditioner 031-45-154
Fan 031-45-154
Garage Door 031-45-154
Simple Light 2 131-45-154
Simple Light 031-45-154
Lock 031-45-154
Motion Sensor 031-45-154
Outlet 031-45-154
💦 Sprinkler 123-44-567
TV 031-45-154
Temperature Sensor 031-45-154
Thermostat 1 031-45-154
HAP-NodeJS starting...
Air Conditioner 031-45-154
Fan 031-45-154
Garage Door 031-45-154
Simple Light 2 131-45-154
Simple Light 031-45-154
Lock 031-45-154
Motion Sensor 031-45-154
Outlet 031-45-154
💦 Sprinkler 123-44-567
TV 031-45-154
Temperature Sensor 031-45-154
Thermostat 1 031-45-154
HAP-NodeJS starting...
Air Conditioner 031-45-154
Fan 031-45-154
Garage Door 031-45-154
Simple Light 2 131-45-154
Simple Light 031-45-154
Lock 031-45-154
Motion Sensor 031-45-154
Outlet 031-45-154
💦 Sprinkler 123-44-567
TV 031-45-154
Temperature Sensor 031-45-154
Thermostat 1 031-45-154
HAP-NodeJS starting...
Air Conditioner 031-45-154
Fan 031-45-154
Garage Door 031-45-154
Simple Light 2 131-45-154
Simple Light 031-45-154
Lock 031-45-154
Motion Sensor 031-45-154
Outlet 031-45-154
💦 Sprinkler 123-44-567
TV 031-45-154
Temperature Sensor 031-45-154
Thermostat 1 031-45-154
